<?xml version="1.0" encoding="UTF-8"?>
<testng-results ignored="0" total="1" passed="1" failed="0" skipped="0">
  <reporter-output>
  </reporter-output>
  <suite started-at="2024-12-22T17:30:21 IST" name="Default suite" finished-at="2024-12-22T17:30:24 IST" duration-ms="3371">
    <groups>
    </groups>
    <test started-at="2024-12-22T17:30:21 IST" name="Default test" finished-at="2024-12-22T17:30:24 IST" duration-ms="3371">
      <class name="test_selenium.AppTest">
        <test-method signature="test()[pri:0, instance:test_selenium.AppTest@9f116cc]" started-at="2024-12-22T17:30:21 IST" name="test" finished-at="2024-12-22T17:30:24 IST" duration-ms="3355" status="PASS">
          <reporter-output>
          </reporter-output>
        </test-method> <!-- test -->
      </class> <!-- test_selenium.AppTest -->
    </test> <!-- Default test -->
  </suite> <!-- Default suite -->
</testng-results>
